GROUP,PACKAGE,CLASS,INSTRUCTION_MISSED,INSTRUCTION_COVERED,BRANCH_MISSED,BRANCH_COVERED,LINE_MISSED,LINE_COVERED,COMPLEXITY_MISSED,COMPLEXITY_COVERED,METHOD_MISSED,METHOD_COVERED
dp_2p2022_t00059772_p1,default,Medicaments,0,31,0,0,0,11,0,6,0,6
dp_2p2022_t00059772_p1,default,ShoppingCartVisitorDiDi,0,70,0,4,0,13,0,9,0,7
dp_2p2022_t00059772_p1,default,Book,0,25,0,0,0,9,0,5,0,5
dp_2p2022_t00059772_p1,default,FastFood,0,19,0,0,0,7,0,4,0,4
dp_2p2022_t00059772_p1,default,AlcoholicDrinks,0,19,0,0,0,7,0,4,0,4
dp_2p2022_t00059772_p1,default,ShoppingCartVisitorRappi,0,100,0,4,0,19,0,9,0,7
